# JRE version: Java(TM) SE Runtime Environment (8.0_152-b16) (build 1.8.0_152-b16)
# Java VM: Java HotSpot(TM) 64-Bit Server VM (25.152-b16 mixed mode windows-amd64 compressed oops)
Heap:
 PSYoungGen      total 319488K, used 58309K [0x00000000d5f00000, 0x00000000eb300000, 0x0000000100000000)
  eden space 299008K, 19% used [0x00000000d5f00000,0x00000000d97f14c0,0x00000000e8300000)
  from space 20480K, 0% used [0x00000000e9f00000,0x00000000e9f00000,0x00000000eb300000)
  to   space 24576K, 0% used [0x00000000e8300000,0x00000000e8300000,0x00000000e9b00000)
 ParOldGen       total 98304K, used 23437K [0x0000000081c00000, 0x0000000087c00000, 0x00000000d5f00000)
  object space 98304K, 23% used [0x0000000081c00000,0x00000000832e35f8,0x0000000087c00000)
 Metaspace       used 37292K, capacity 39296K, committed 39424K, reserved 1083392K
  class space    used 4908K, capacity 5278K, committed 5376K, reserved 1048576K
GC Heap History (10 events):
Event: 4.545 GC heap before
{Heap before GC invocations=10 (full 1):
 PSYoungGen      total 179200K, used 179183K [0x00000000d5f00000, 0x00000000e4280000, 0x0000000100000000)
  eden space 170496K, 100% used [0x00000000d5f00000,0x00000000e0580000,0x00000000e0580000)
  from space 8704K, 99% used [0x00000000e1100000,0x00000000e197bd40,0x00000000e1980000)
  to   space 11776K, 0% used [0x00000000e0580000,0x00000000e0580000,0x00000000e1100000)
 ParOldGen       total 55808K, used 13362K [0x0000000081c00000, 0x0000000085280000, 0x00000000d5f00000)
  object space 55808K, 23% used [0x0000000081c00000,0x000000008290cb30,0x0000000085280000)
 Metaspace       used 25108K, capacity 26558K, committed 26752K, reserved 1073152K
  class space    used 3345K, capacity 3659K, committed 3712K, reserved 1048576K
Event: 4.564 GC heap after
Heap after GC invocations=10 (full 1):
 PSYoungGen      total 182272K, used 11745K [0x00000000d5f00000, 0x00000000e6500000, 0x0000000100000000)
  eden space 170496K, 0% used [0x00000000d5f00000,0x00000000d5f00000,0x00000000e0580000)
  from space 11776K, 99% used [0x00000000e0580000,0x00000000e10f87b8,0x00000000e1100000)
  to   space 18944K, 0% used [0x00000000e5280000,0x00000000e5280000,0x00000000e6500000)
 ParOldGen       total 55808K, used 27131K [0x0000000081c00000, 0x0000000085280000, 0x00000000d5f00000)
  object space 55808K, 48% used [0x0000000081c00000,0x000000008367ef48,0x0000000085280000)
 Metaspace       used 25108K, capacity 26558K, committed 26752K, reserved 1073152K
  class space    used 3345K, capacity 3659K, committed 3712K, reserved 1048576K
}
Event: 5.332 GC heap before
{Heap before GC invocations=11 (full 1):
 PSYoungGen      total 182272K, used 182241K [0x00000000d5f00000, 0x00000000e6500000, 0x0000000100000000)
  eden space 170496K, 100% used [0x00000000d5f00000,0x00000000e0580000,0x00000000e0580000)
  from space 11776K, 99% used [0x00000000e0580000,0x00000000e10f87b8,0x00000000e1100000)
  to   space 18944K, 0% used [0x00000000e5280000,0x00000000e5280000,0x00000000e6500000)
 ParOldGen       total 55808K, used 27131K [0x0000000081c00000, 0x0000000085280000, 0x00000000d5f00000)
  object space 55808K, 48% used [0x0000000081c00000,0x000000008367ef48,0x0000000085280000)
 Metaspace       used 25557K, capacity 27034K, committed 27264K, reserved 1073152K
  class space    used 3394K, capacity 3699K, committed 3712K, reserved 1048576K
Event: 5.352 GC heap after
Heap after GC invocations=11 (full 1):
 PSYoungGen      total 243712K, used 18943K [0x00000000d5f00000, 0x00000000e7200000, 0x0000000100000000)
  eden space 224768K, 0% used [0x00000000d5f00000,0x00000000d5f00000,0x00000000e3a80000)
  from space 18944K, 99% used [0x00000000e5280000,0x00000000e64fff18,0x00000000e6500000)
  to   space 24576K, 0% used [0x00000000e3a80000,0x00000000e3a80000,0x00000000e5280000)
 ParOldGen       total 55808K, used 36039K [0x0000000081c00000, 0x0000000085280000, 0x00000000d5f00000)
  object space 55808K, 64% used [0x0000000081c00000,0x0000000083f31e78,0x0000000085280000)
 Metaspace       used 25557K, capacity 27034K, committed 27264K, reserved 1073152K
  class space    used 3394K, capacity 3699K, committed 3712K, reserved 1048576K
}
Event: 6.993 GC heap before
{Heap before GC invocations=12 (full 1):
 PSYoungGen      total 243712K, used 243711K [0x00000000d5f00000, 0x00000000e7200000, 0x0000000100000000)
  eden space 224768K, 100% used [0x00000000d5f00000,0x00000000e3a80000,0x00000000e3a80000)
  from space 18944K, 99% used [0x00000000e5280000,0x00000000e64fff18,0x00000000e6500000)
  to   space 24576K, 0% used [0x00000000e3a80000,0x00000000e3a80000,0x00000000e5280000)
 ParOldGen       total 55808K, used 36039K [0x0000000081c00000, 0x0000000085280000, 0x00000000d5f00000)
  object space 55808K, 64% used [0x0000000081c00000,0x0000000083f31e78,0x0000000085280000)
 Metaspace       used 28581K, capacity 30270K, committed 30592K, reserved 1075200K
  class space    used 3817K, capacity 4149K, committed 4224K, reserved 1048576K
Event: 7.011 GC heap after
Heap after GC invocations=12 (full 1):
 PSYoungGen      total 249344K, used 15370K [0x00000000d5f00000, 0x00000000eb780000, 0x0000000100000000)
  eden space 224768K, 0% used [0x00000000d5f00000,0x00000000d5f00000,0x00000000e3a80000)
  from space 24576K, 62% used [0x00000000e3a80000,0x00000000e4982b00,0x00000000e5280000)
  to   space 25088K, 0% used [0x00000000e9f00000,0x00000000e9f00000,0x00000000eb780000)
 ParOldGen       total 55808K, used 40191K [0x0000000081c00000, 0x0000000085280000, 0x00000000d5f00000)
  object space 55808K, 72% used [0x0000000081c00000,0x000000008433fe88,0x0000000085280000)
 Metaspace       used 28581K, capacity 30270K, committed 30592K, reserved 1075200K
  class space    used 3817K, capacity 4149K, committed 4224K, reserved 1048576K
}
Event: 7.716 GC heap before
{Heap before GC invocations=13 (full 1):
 PSYoungGen      total 249344K, used 86449K [0x00000000d5f00000, 0x00000000eb780000, 0x0000000100000000)
  eden space 224768K, 31% used [0x00000000d5f00000,0x00000000da4699e8,0x00000000e3a80000)
  from space 24576K, 62% used [0x00000000e3a80000,0x00000000e4982b00,0x00000000e5280000)
  to   space 25088K, 0% used [0x00000000e9f00000,0x00000000e9f00000,0x00000000eb780000)
 ParOldGen       total 55808K, used 40191K [0x0000000081c00000, 0x0000000085280000, 0x00000000d5f00000)
  object space 55808K, 72% used [0x0000000081c00000,0x000000008433fe88,0x0000000085280000)
 Metaspace       used 33567K, capacity 35456K, committed 35496K, reserved 1079296K
  class space    used 4461K, capacity 4824K, committed 4864K, reserved 1048576K
Event: 7.724 GC heap after
Heap after GC invocations=13 (full 1):
 PSYoungGen      total 319488K, used 5866K [0x00000000d5f00000, 0x00000000eb300000, 0x0000000100000000)
  eden space 299008K, 0% used [0x00000000d5f00000,0x00000000d5f00000,0x00000000e8300000)
  from space 20480K, 28% used [0x00000000e9f00000,0x00000000ea4ba9c8,0x00000000eb300000)
  to   space 24576K, 0% used [0x00000000e8300000,0x00000000e8300000,0x00000000e9b00000)
 ParOldGen       total 55808K, used 42483K [0x0000000081c00000, 0x0000000085280000, 0x00000000d5f00000)
  object space 55808K, 76% used [0x0000000081c00000,0x000000008457ce98,0x0000000085280000)
 Metaspace       used 33567K, capacity 35456K, committed 35496K, reserved 1079296K
  class space    used 4461K, capacity 4824K, committed 4864K, reserved 1048576K
}
Event: 7.724 GC heap before
{Heap before GC invocations=14 (full 2):
 PSYoungGen      total 319488K, used 5866K [0x00000000d5f00000, 0x00000000eb300000, 0x0000000100000000)
  eden space 299008K, 0% used [0x00000000d5f00000,0x00000000d5f00000,0x00000000e8300000)
  from space 20480K, 28% used [0x00000000e9f00000,0x00000000ea4ba9c8,0x00000000eb300000)
  to   space 24576K, 0% used [0x00000000e8300000,0x00000000e8300000,0x00000000e9b00000)
 ParOldGen       total 55808K, used 42483K [0x0000000081c00000, 0x0000000085280000, 0x00000000d5f00000)
  object space 55808K, 76% used [0x0000000081c00000,0x000000008457ce98,0x0000000085280000)
 Metaspace       used 33567K, capacity 35456K, committed 35496K, reserved 1079296K
  class space    used 4461K, capacity 4824K, committed 4864K, reserved 1048576K
Event: 7.784 GC heap after
Heap after GC invocations=14 (full 2):
 PSYoungGen      total 319488K, used 0K [0x00000000d5f00000, 0x00000000eb300000, 0x0000000100000000)
  eden space 299008K, 0% used [0x00000000d5f00000,0x00000000d5f00000,0x00000000e8300000)
  from space 20480K, 0% used [0x00000000e9f00000,0x00000000e9f00000,0x00000000eb300000)
  to   space 24576K, 0% used [0x00000000e8300000,0x00000000e8300000,0x00000000e9b00000)
 ParOldGen       total 98304K, used 23437K [0x0000000081c00000, 0x0000000087c00000, 0x00000000d5f00000)
  object space 98304K, 23% used [0x0000000081c00000,0x00000000832e35f8,0x0000000087c00000)
 Metaspace       used 33567K, capacity 35456K, committed 35496K, reserved 1079296K
  class space    used 4461K, capacity 4824K, committed 4864K, reserved 1048576K
}

